#
# A fatal error has been detected by the Java Runtime Environment:
#
#  EXCEPTION_ACCESS_VIOLATION (0xc0000005) at pc=0x00007ffd342f09a2, pid=21468, tid=20912
#
# JRE version: Java(TM) SE Runtime Environment (17.0.10+11) (build 17.0.10+11-LTS-240)
# Java VM: Java HotSpot(TM) 64-Bit Server VM (17.0.10+11-LTS-240, mixed mode, sharing, tiered, compressed oops, compressed class ptrs, g1 gc, windows-amd64)
# Problematic frame:
# V  [jvm.dll+0x2f09a2]
#
# No core dump will be written. Minidumps are not enabled by default on client versions of Windows
#
# If you would like to submit a bug report, please visit:
#   https://bugreport.java.com/bugreport/crash.jsp
#

---------------  S U M M A R Y ------------

Command Line: -javaagent:C:\Program Files\JetBrains\IntelliJ IDEA Community Edition 2023.3.6\lib\idea_rt.jar=52006:C:\Program Files\JetBrains\IntelliJ IDEA Community Edition 2023.3.6\bin -Dfile.encoding=UTF-8 com.api.clientes.ClientesApplication

Host: 11th Gen Intel(R) Core(TM) i7-1165G7 @ 2.80GHz, 8 cores, 31G,  Windows 11 , 64 bit Build 22621 (10.0.22621.3672)
Time: Sat Sep 14 21:21:14 2024 Hora oficial do Brasil elapsed time: 1214.526237 seconds (0d 0h 20m 14s)

---------------  T H R E A D  ---------------

Current thread (0x00000179d61e7a00):  GCTaskThread "GC Thread#5" [stack: 0x0000001745600000,0x0000001745700000] [id=20912]

Stack: [0x0000001745600000,0x0000001745700000],  sp=0x00000017456ffc00,  free space=1023k
Native frames: (J=compiled Java code, j=interpreted, Vv=VM code, C=native code)
V  [jvm.dll+0x2f09a2]
V  [jvm.dll+0x2f3eae]
V  [jvm.dll+0x2f4f64]
V  [jvm.dll+0x2f44dd]
V  [jvm.dll+0x2f3d66]
V  [jvm.dll+0x8067ab]
V  [jvm.dll+0x8067f6]
V  [jvm.dll+0x78888a]
V  [jvm.dll+0x676935]
C  [ucrtbase.dll+0x29333]
C  [KERNEL32.DLL+0x1257d]
C  [ntdll.dll+0x5af28]


siginfo: EXCEPTION_ACCESS_VIOLATION (0xc0000005), reading address 0xffffffffffffffff


Registers:
RAX=0x0000017987f00000, RBX=0x00000179e2ac4b40, RCX=0x0000000000000000, RDX=0x1fffffff3f800100
RSP=0x00000017456ffc00, RBP=0x00000179d707f770, RSI=0x00000179d707f1c0, RDI=0x0000000000000800
R8 =0x040001796fe00020, R9 =0x0000000000000010, R10=0x0000000000000010, R11=0x0000000000000001
R12=0x0000000000000010, R13=0x000000000000000c, R14=0x00000179d707f1c0, R15=0x000000000000000c
RIP=0x00007ffd342f09a2, EFLAGS=0x0000000000010202


Register to memory mapping:

RIP=0x00007ffd342f09a2 jvm.dll
RAX=0x0000017987f00000 points into unknown readable memory: 0x0000000000000001 | 01 00 00 00 00 00 00 00
RBX=0x00000179e2ac4b40 points into unknown readable memory: 0x00007ffd348f9288 | 88 92 8f 34 fd 7f 00 00
RCX=0x0 is NULL
RDX=0x1fffffff3f800100 is an unknown value
RSP=0x00000017456ffc00 points into unknown readable memory: 0x00007ffd34000000 | 00 00 00 34 fd 7f 00 00
RBP=0x00000179d707f770 points into unknown readable memory: 0x00007ffd348fb3d8 | d8 b3 8f 34 fd 7f 00 00
RSI=0x00000179d707f1c0 points into unknown readable memory: 0x00000017441ff320 | 20 f3 1f 44 17 00 00 00
RDI=0x0000000000000800 is an unknown value
R8 =0x040001796fe00020 is an unknown value
R9 =0x0000000000000010 is an unknown value
R10=0x0000000000000010 is an unknown value
R11=0x0000000000000001 is an unknown value
R12=0x0000000000000010 is an unknown value
R13=0x000000000000000c is an unknown value
R14=0x00000179d707f1c0 points into unknown readable memory: 0x00000017441ff320 | 20 f3 1f 44 17 00 00 00
R15=0x000000000000000c is an unknown value


Top of Stack: (sp=0x00000017456ffc00)
0x00000017456ffc00:   00007ffd34000000 0000000000000000
0x00000017456ffc10:   00000006041ec5e0 0000000000000000
0x00000017456ffc20:   00000006041ec5e0 00007ffd342f4c89
0x00000017456ffc30:   0000000604690208 00007ffd342f3eae
0x00000017456ffc40:   0000000000000000 0000000000000800
0x00000017456ffc50:   00000006046901d4 0000000000000000
0x00000017456ffc60:   0000000000000000 0000000000000000
0x00000017456ffc70:   0000000000000010 00007ffd342f4f64
0x00000017456ffc80:   00000179d707f1c0 00000006046901b8
0x00000017456ffc90:   00007ffd34000000 00000006046902c8
0x00000017456ffca0:   00000006046901b8 0000000000000000
0x00000017456ffcb0:   0000000000000000 0000000000000000
0x00000017456ffcc0:   00000179d11be948 0000000000000010
0x00000017456ffcd0:   00000017441ff550 00000017441febb0
0x00000017456ffce0:   00000179d707f1c0 00007ffd34000000
0x00000017456ffcf0:   000000000000000c 00007ffd342f44dd 

Instructions: (pc=0x00007ffd342f09a2)
0x00007ffd342f08a2:   48 8b 7c 24 30 48 83 c4 20 5b c3 cc cc cc 40 57
0x00007ffd342f08b2:   48 83 ec 20 8b 02 48 8b f9 85 c0 74 3b 8b 0d f3
0x00007ffd342f08c2:   f9 7a 00 48 8b 7f 10 48 89 5c 24 30 8b d8 48 d3
0x00007ffd342f08d2:   e3 48 8b cf 48 03 1d d3 f9 7a 00 48 8b d3 e8 5b
0x00007ffd342f08e2:   00 00 00 84 c0 74 0c 48 8d 4f 18 48 8b d3 e8 9b
0x00007ffd342f08f2:   06 00 00 48 8b 5c 24 30 48 83 c4 20 5f c3 e9 0b
0x00007ffd342f0902:   4c 00 00 cc cc cc cc cc cc cc cc cc cc cc e9 7b
0x00007ffd342f0912:   4f 00 00 cc cc cc cc cc cc cc cc cc cc cc 48 8b
0x00007ffd342f0922:   01 48 8b 80 c8 04 00 00 48 8b 80 98 00 00 00 c3
0x00007ffd342f0932:   cc cc cc cc cc cc cc cc cc cc cc cc cc cc 48 89
0x00007ffd342f0942:   5c 24 10 48 89 7c 24 18 41 56 48 83 ec 30 48 8b
0x00007ffd342f0952:   01 4c 8b f1 4c 8b c2 48 8b fa 8b 88 18 03 00 00
0x00007ffd342f0962:   48 8b 80 08 03 00 00 49 d3 e8 41 80 3c 00 02 74
0x00007ffd342f0972:   5f 49 8b 5e 10 48 8b cb 48 8b 03 ff 10 8b 4b 18
0x00007ffd342f0982:   48 8b d7 48 2b 53 08 48 8b 43 20 48 c1 ea 03 48
0x00007ffd342f0992:   d3 ea 48 8b ca 48 c1 e9 06 4c 8d 04 c8 0f b6 ca
0x00007ffd342f09a2:   49 8b 00 80 e1 3f ba 01 00 00 00 48 d3 e2 48 8b
0x00007ffd342f09b2:   c8 48 0b ca 48 3b c8 74 17 0f 1f 44 00 00 f0 49
0x00007ffd342f09c2:   0f b1 08 74 1e 48 8b c8 48 0b ca 48 3b c8 75 ee
0x00007ffd342f09d2:   32 c0 48 8b 5c 24 48 48 8b 7c 24 50 48 83 c4 30
0x00007ffd342f09e2:   41 5e c3 4c 8b 07 48 8d 5f 08 49 8b d0 83 e2 07
0x00007ffd342f09f2:   80 3d 0b 76 81 00 00 74 37 48 83 fa 05 0f 84 a8
0x00007ffd342f0a02:   00 00 00 80 3d eb 74 81 00 00 74 14 8b 03 8b 0d
0x00007ffd342f0a12:   b2 f8 7a 00 48 d3 e0 48 03 05 a0 f8 7a 00 eb 03
0x00007ffd342f0a22:   48 8b 03 0f b6 80 b8 00 00 00 24 07 3c 05 74 15
0x00007ffd342f0a32:   48 83 fa 01 75 0f 48 b8 00 ff ff ff 7f 00 00 00
0x00007ffd342f0a42:   4c 85 c0 74 66 49 8b 06 48 8b d7 8b 88 18 03 00
0x00007ffd342f0a52:   00 48 8b 80 08 03 00 00 48 d3 ea 80 3c 02 00 75
0x00007ffd342f0a62:   4a 48 89 74 24 40 49 8b b6 a8 05 00 00 48 89 7c
0x00007ffd342f0a72:   24 20 4c 89 44 24 28 48 8b 56 20 48 3b 56 08 75
0x00007ffd342f0a82:   0a 48 8b ce e8 35 c4 f5 ff 33 d2 48 8b 46 38 48
0x00007ffd342f0a92:   8b ca 0f 28 44 24 20 48 03 c9 0f 11 04 c8 48 8d 


Stack slot to memory mapping:
stack at sp + 0 slots: 0x00007ffd34000000 jvm.dll
stack at sp + 1 slots: 0x0 is NULL
stack at sp + 2 slots: 0x00000006041ec5e0 is an oop: [Ljava.lang.Class; 
{0x00000006041ec5e0} - klass: 'java/lang/Class'[]
 - length: 2
stack at sp + 3 slots: 0x0 is NULL
stack at sp + 4 slots: 0x00000006041ec5e0 is an oop: [Ljava.lang.Class; 
{0x00000006041ec5e0} - klass: 'java/lang/Class'[]
 - length: 2
stack at sp + 5 slots: 0x00007ffd342f4c89 jvm.dll
stack at sp + 6 slots: 0x0000000604690208 is an oop: java.util.LinkedHashMap$Entry 
{0x0000000604690208} - klass: 'java/util/LinkedHashMap$Entry'
 - ---- fields (total size 5 words):
 - final 'hash' 'I' @12  2138849834 (7f7c422a)
 - final 'key' 'Ljava/lang/Object;' @16  a 'java/lang/Class'{0x00000006048d9ff0} = 'jdk/internal/vm/annotation/IntrinsicCandidate' (c091b3fe)
 - 'value' 'Ljava/lang/Object;' @20  a 'com/sun/proxy/jdk/proxy1/$Proxy24'{0x0000000604690230} (c08d2046)
 - 'next' 'Ljava/util/HashMap$Node;' @24  NULL (0)
 - 'before' 'Ljava/util/LinkedHashMap$Entry;' @28  NULL (0)
 - 'after' 'Ljava/util/LinkedHashMap$Entry;' @32  NULL (0)
stack at sp + 7 slots: 0x00007ffd342f3eae jvm.dll


---------------  P R O C E S S  ---------------

Threads class SMR info:
_java_thread_list=0x00000179db763ea0, length=15, elements={
0x00000179fc76c300, 0x00000179fc76d4f0, 0x00000179fc77f400, 0x00000179fc77fbd0,
0x00000179fc7827b0, 0x00000179fc784e90, 0x00000179fc789a60, 0x00000179fc797850,
0x00000179d10a2600, 0x00000179d1176160, 0x00000179d1176670, 0x00000179d11784d0,
0x00000179dbd47640, 0x00000179dbd48060, 0x00000179dbd48f90
}

Java Threads: ( => current thread )
  0x00000179fc76c300 JavaThread "Reference Handler" daemon [_thread_blocked, id=15704, stack(0x0000001744200000,0x0000001744300000)]
  0x00000179fc76d4f0 JavaThread "Finalizer" daemon [_thread_blocked, id=20956, stack(0x0000001744300000,0x0000001744400000)]
  0x00000179fc77f400 JavaThread "Signal Dispatcher" daemon [_thread_blocked, id=13012, stack(0x0000001744400000,0x0000001744500000)]
  0x00000179fc77fbd0 JavaThread "Attach Listener" daemon [_thread_blocked, id=12940, stack(0x0000001744500000,0x0000001744600000)]
  0x00000179fc7827b0 JavaThread "Service Thread" daemon [_thread_blocked, id=14072, stack(0x0000001744600000,0x0000001744700000)]
  0x00000179fc784e90 JavaThread "Monitor Deflation Thread" daemon [_thread_blocked, id=16072, stack(0x0000001744700000,0x0000001744800000)]
  0x00000179fc789a60 JavaThread "C2 CompilerThread0" daemon [_thread_blocked, id=11760, stack(0x0000001744800000,0x0000001744900000)]
  0x00000179fc797850 JavaThread "C1 CompilerThread0" daemon [_thread_blocked, id=2172, stack(0x0000001744900000,0x0000001744a00000)]
  0x00000179d10a2600 JavaThread "Sweeper thread" daemon [_thread_blocked, id=20624, stack(0x0000001744a00000,0x0000001744b00000)]
  0x00000179d1176160 JavaThread "Common-Cleaner" daemon [_thread_blocked, id=19156, stack(0x0000001744b00000,0x0000001744c00000)]
  0x00000179d1176670 JavaThread "Monitor Ctrl-Break" daemon [_thread_in_native, id=10172, stack(0x0000001744d00000,0x0000001744e00000)]
  0x00000179d11784d0 JavaThread "Notification Thread" daemon [_thread_blocked, id=15528, stack(0x0000001744e00000,0x0000001744f00000)]
  0x00000179dbd47640 JavaThread "Live Reload Server" daemon [_thread_in_native, id=20960, stack(0x0000001746400000,0x0000001746500000)]
  0x00000179dbd48060 JavaThread "DestroyJavaVM" [_thread_blocked, id=7692, stack(0x0000001743b00000,0x0000001743c00000)]
  0x00000179dbd48f90 JavaThread "Thread-6" [_thread_blocked, id=20364, stack(0x0000001743900000,0x0000001743a00000)]

Other Threads:
  0x00000179fc768050 VMThread "VM Thread" [stack: 0x0000001744100000,0x0000001744200000] [id=2740]
  0x00000179d189ec50 WatcherThread [stack: 0x0000001744f00000,0x0000001745000000] [id=20832]
  0x00000179fc600900 GCTaskThread "GC Thread#0" [stack: 0x0000001743c00000,0x0000001743d00000] [id=2292]
  0x00000179d64c5930 GCTaskThread "GC Thread#1" [stack: 0x0000001745200000,0x0000001745300000] [id=15436]
  0x00000179d6386130 GCTaskThread "GC Thread#2" [stack: 0x0000001745300000,0x0000001745400000] [id=5032]
  0x00000179d6388440 GCTaskThread "GC Thread#3" [stack: 0x0000001745400000,0x0000001745500000] [id=12628]
  0x00000179d66da060 GCTaskThread "GC Thread#4" [stack: 0x0000001745500000,0x0000001745600000] [id=17676]
=>0x00000179d61e7a00 GCTaskThread "GC Thread#5" [stack: 0x0000001745600000,0x0000001745700000] [id=20912]
  0x00000179d61e6980 GCTaskThread "GC Thread#6" [stack: 0x0000001745700000,0x0000001745800000] [id=8488]
  0x00000179d61e7480 GCTaskThread "GC Thread#7" [stack: 0x0000001745800000,0x0000001745900000] [id=6716]
  0x00000179e2ad5a40 ConcurrentGCThread "G1 Main Marker" [stack: 0x0000001743d00000,0x0000001743e00000] [id=7112]
  0x00000179e2ad6450 ConcurrentGCThread "G1 Conc#0" [stack: 0x0000001743e00000,0x0000001743f00000] [id=2720]
  0x00000179d61e7cc0 ConcurrentGCThread "G1 Conc#1" [stack: 0x0000001745900000,0x0000001745a00000] [id=19740]
  0x00000179e2b0e810 ConcurrentGCThread "G1 Refine#0" [stack: 0x0000001743f00000,0x0000001744000000] [id=18944]
  0x00000179d1a43b50 ConcurrentGCThread "G1 Refine#1" [stack: 0x0000001745b00000,0x0000001745c00000] [id=6844]
  0x00000179d7ad6350 ConcurrentGCThread "G1 Refine#2" [stack: 0x0000001745c00000,0x0000001745d00000] [id=21128]
  0x00000179fc6a23f0 ConcurrentGCThread "G1 Service" [stack: 0x0000001744000000,0x0000001744100000] [id=11676]

Threads with active compile tasks:
C2 CompilerThread0  1214585 9190       4       java.util.concurrent.locks.ReentrantLock::lock (8 bytes)

VM state: at safepoint (normal execution)

VM Mutex/Monitor currently owned by a thread:  ([mutex/lock_event])
[0x00000179e2a51890] Threads_lock - owner thread: 0x00000179fc768050
[0x00000179e2a51800] Heap_lock - owner thread: 0x00000179dbd48f90

Heap address: 0x0000000604000000, size: 8128 MB, Compressed Oops mode: Zero based, Oop shift amount: 3

CDS archive(s) mapped at: [0x0000017990000000-0x0000017990bd0000-0x0000017990bd0000), size 12386304, SharedBaseAddress: 0x0000017990000000, ArchiveRelocationMode: 1.
Compressed class space mapped at: 0x0000017991000000-0x00000179d1000000, reserved size: 1073741824
Narrow klass base: 0x0000017990000000, Narrow klass shift: 0, Narrow klass range: 0x100000000

GC Precious Log:
 CPUs: 8 total, 8 available
 Memory: 32502M
 Large Page Support: Disabled
 NUMA Support: Disabled
 Compressed Oops: Enabled (Zero based)
 Heap Region Size: 4M
 Heap Min Capacity: 8M
 Heap Initial Capacity: 508M
 Heap Max Capacity: 8128M
 Pre-touch: Disabled
 Parallel Workers: 8
 Concurrent Workers: 2
 Concurrent Refinement Workers: 8
 Periodic GC: Disabled

Heap:
 garbage-first heap   total 315392K, used 155880K [0x0000000604000000, 0x0000000800000000)
  region size 4096K, 31 young (126976K), 1 survivors (4096K)
 Metaspace       used 77870K, committed 78592K, reserved 1179648K
  class space    used 10528K, committed 10880K, reserved 1048576K

Heap Regions: E=young(eden), S=young(survivor), O=old, HS=humongous(starts), HC=humongous(continues), CS=collection set, F=free, OA=open archive, CA=closed archive, TAMS=top-at-mark-start (previous, next)
|   0|0x0000000604000000, 0x0000000604400000, 0x0000000604400000|100%| O|  |TAMS 0x0000000604400000, 0x0000000604000000| Untracked 
|   1|0x0000000604400000, 0x0000000604800000, 0x0000000604800000|100%| O|  |TAMS 0x0000000604800000, 0x0000000604400000| Untracked 
|   2|0x0000000604800000, 0x0000000604c00000, 0x0000000604c00000|100%| O|  |TAMS 0x0000000604c00000, 0x0000000604800000| Untracked 
|   3|0x0000000604c00000, 0x0000000605000000, 0x0000000605000000|100%| O|  |TAMS 0x0000000605000000, 0x0000000604c00000| Untracked 
|   4|0x0000000605000000, 0x00000006052a7200, 0x0000000605400000| 66%| O|  |TAMS 0x0000000605000000, 0x0000000605000000| Untracked 
|   5|0x0000000605400000, 0x0000000605800000, 0x0000000605800000|100%| O|  |TAMS 0x0000000605800000, 0x0000000605400000| Untracked 
|   6|0x0000000605800000, 0x0000000605c00000, 0x0000000605c00000|100%| O|  |TAMS 0x0000000605c00000, 0x0000000605800000| Untracked 
|   7|0x0000000605c00000, 0x0000000606000000, 0x0000000606000000|100%| O|  |TAMS 0x0000000605fc6a00, 0x0000000605c00000| Untracked 
|   8|0x0000000606000000, 0x0000000606000000, 0x0000000606400000|  0%| F|  |TAMS 0x0000000606000000, 0x0000000606000000| Untracked 
|   9|0x0000000606400000, 0x0000000606400000, 0x0000000606800000|  0%| F|  |TAMS 0x0000000606400000, 0x0000000606400000| Untracked 
|  10|0x0000000606800000, 0x0000000606800000, 0x0000000606c00000|  0%| F|  |TAMS 0x0000000606800000, 0x0000000606800000| Untracked 
|  11|0x0000000606c00000, 0x0000000606c00000, 0x0000000607000000|  0%| F|  |TAMS 0x0000000606c00000, 0x0000000606c00000| Untracked 
|  12|0x0000000607000000, 0x0000000607000000, 0x0000000607400000|  0%| F|  |TAMS 0x0000000607000000, 0x0000000607000000| Untracked 
|  13|0x0000000607400000, 0x0000000607400000, 0x0000000607800000|  0%| F|  |TAMS 0x0000000607400000, 0x0000000607400000| Untracked 
|  14|0x0000000607800000, 0x00000006079c4dc0, 0x0000000607c00000| 44%| S|  |TAMS 0x0000000607800000, 0x0000000607800000| Complete 
|  15|0x0000000607c00000, 0x0000000607c00000, 0x0000000608000000|  0%| F|  |TAMS 0x0000000607c00000, 0x0000000607c00000| Untracked 
|  16|0x0000000608000000, 0x0000000608000000, 0x0000000608400000|  0%| F|  |TAMS 0x0000000608000000, 0x0000000608000000| Untracked 
|  17|0x0000000608400000, 0x0000000608400000, 0x0000000608800000|  0%| F|  |TAMS 0x0000000608400000, 0x0000000608400000| Untracked 
|  18|0x0000000608800000, 0x0000000608800000, 0x0000000608c00000|  0%| F|  |TAMS 0x0000000608800000, 0x0000000608800000| Untracked 
|  19|0x0000000608c00000, 0x0000000608c00000, 0x0000000609000000|  0%| F|  |TAMS 0x0000000608c00000, 0x0000000608c00000| Untracked 
|  20|0x0000000609000000, 0x0000000609000000, 0x0000000609400000|  0%| F|  |TAMS 0x0000000609000000, 0x0000000609000000| Untracked 
|  21|0x0000000609400000, 0x0000000609400000, 0x0000000609800000|  0%| F|  |TAMS 0x0000000609400000, 0x0000000609400000| Untracked 
|  22|0x0000000609800000, 0x0000000609800000, 0x0000000609c00000|  0%| F|  |TAMS 0x0000000609800000, 0x0000000609800000| Untracked 
|  23|0x0000000609c00000, 0x0000000609c00000, 0x000000060a000000|  0%| F|  |TAMS 0x0000000609c00000, 0x0000000609c00000| Untracked 
|  24|0x000000060a000000, 0x000000060a000000, 0x000000060a400000|  0%| F|  |TAMS 0x000000060a000000, 0x000000060a000000| Untracked 
|  25|0x000000060a400000, 0x000000060a400000, 0x000000060a800000|  0%| F|  |TAMS 0x000000060a400000, 0x000000060a400000| Untracked 
|  26|0x000000060a800000, 0x000000060a800000, 0x000000060ac00000|  0%| F|  |TAMS 0x000000060a800000, 0x000000060a800000| Untracked 
|  27|0x000000060ac00000, 0x000000060ac00000, 0x000000060b000000|  0%| F|  |TAMS 0x000000060ac00000, 0x000000060ac00000| Untracked 
|  28|0x000000060b000000, 0x000000060b000000, 0x000000060b400000|  0%| F|  |TAMS 0x000000060b000000, 0x000000060b000000| Untracked 
|  29|0x000000060b400000, 0x000000060b400000, 0x000000060b800000|  0%| F|  |TAMS 0x000000060b400000, 0x000000060b400000| Untracked 
|  30|0x000000060b800000, 0x000000060b800000, 0x000000060bc00000|  0%| F|  |TAMS 0x000000060b800000, 0x000000060b800000| Untracked 
|  31|0x000000060bc00000, 0x000000060bc00000, 0x000000060c000000|  0%| F|  |TAMS 0x000000060bc00000, 0x000000060bc00000| Untracked 
|  32|0x000000060c000000, 0x000000060c000000, 0x000000060c400000|  0%| F|  |TAMS 0x000000060c000000, 0x000000060c000000| Untracked 
|  33|0x000000060c400000, 0x000000060c400000, 0x000000060c800000|  0%| F|  |TAMS 0x000000060c400000, 0x000000060c400000| Untracked 
|  34|0x000000060c800000, 0x000000060c800000, 0x000000060cc00000|  0%| F|  |TAMS 0x000000060c800000, 0x000000060c800000| Untracked 
|  35|0x000000060cc00000, 0x000000060cc00000, 0x000000060d000000|  0%| F|  |TAMS 0x000000060cc00000, 0x000000060cc00000| Untracked 
|  36|0x000000060d000000, 0x000000060d000000, 0x000000060d400000|  0%| F|  |TAMS 0x000000060d000000, 0x000000060d000000| Untracked 
|  37|0x000000060d400000, 0x000000060d400000, 0x000000060d800000|  0%| F|  |TAMS 0x000000060d400000, 0x000000060d400000| Untracked 
|  38|0x000000060d800000, 0x000000060d800000, 0x000000060dc00000|  0%| F|  |TAMS 0x000000060d800000, 0x000000060d800000| Untracked 
|  39|0x000000060dc00000, 0x000000060dc00000, 0x000000060e000000|  0%| F|  |TAMS 0x000000060dc00000, 0x000000060dc00000| Untracked 
|  40|0x000000060e000000, 0x000000060e000000, 0x000000060e400000|  0%| F|  |TAMS 0x000000060e000000, 0x000000060e000000| Untracked 
|  41|0x000000060e400000, 0x000000060e400000, 0x000000060e800000|  0%| F|  |TAMS 0x000000060e400000, 0x000000060e400000| Untracked 
|  42|0x000000060e800000, 0x000000060e800000, 0x000000060ec00000|  0%| F|  |TAMS 0x000000060e800000, 0x000000060e800000| Untracked 
|  43|0x000000060ec00000, 0x000000060ec00000, 0x000000060f000000|  0%| F|  |TAMS 0x000000060ec00000, 0x000000060ec00000| Untracked 
|  44|0x000000060f000000, 0x000000060f000000, 0x000000060f400000|  0%| F|  |TAMS 0x000000060f000000, 0x000000060f000000| Untracked 
|  45|0x000000060f400000, 0x000000060f400000, 0x000000060f800000|  0%| F|  |TAMS 0x000000060f400000, 0x000000060f400000| Untracked 
|  46|0x000000060f800000, 0x000000060f800000, 0x000000060fc00000|  0%| F|  |TAMS 0x000000060f800000, 0x000000060f800000| Untracked 
|  47|0x000000060fc00000, 0x000000060ffce188, 0x0000000610000000| 95%| E|  |TAMS 0x000000060fc00000, 0x000000060fc00000| Complete 
|  48|0x0000000610000000, 0x0000000610400000, 0x0000000610400000|100%| E|  |TAMS 0x0000000610000000, 0x0000000610000000| Complete 
|  49|0x0000000610400000, 0x0000000610800000, 0x0000000610800000|100%| E|  |TAMS 0x0000000610400000, 0x0000000610400000| Complete 
|  50|0x0000000610800000, 0x0000000610c00000, 0x0000000610c00000|100%| E|  |TAMS 0x0000000610800000, 0x0000000610800000| Complete 
|  51|0x0000000610c00000, 0x0000000611000000, 0x0000000611000000|100%| E|  |TAMS 0x0000000610c00000, 0x0000000610c00000| Complete 
|  52|0x0000000611000000, 0x0000000611400000, 0x0000000611400000|100%| E|  |TAMS 0x0000000611000000, 0x0000000611000000| Complete 
|  53|0x0000000611400000, 0x0000000611800000, 0x0000000611800000|100%| E|  |TAMS 0x0000000611400000, 0x0000000611400000| Complete 
|  54|0x0000000611800000, 0x0000000611c00000, 0x0000000611c00000|100%| E|  |TAMS 0x0000000611800000, 0x0000000611800000| Complete 
|  55|0x0000000611c00000, 0x0000000612000000, 0x0000000612000000|100%| E|  |TAMS 0x0000000611c00000, 0x0000000611c00000| Complete 
|  56|0x0000000612000000, 0x0000000612400000, 0x0000000612400000|100%| E|  |TAMS 0x0000000612000000, 0x0000000612000000| Complete 
|  57|0x0000000612400000, 0x0000000612800000, 0x0000000612800000|100%| E|  |TAMS 0x0000000612400000, 0x0000000612400000| Complete 
|  58|0x0000000612800000, 0x0000000612c00000, 0x0000000612c00000|100%| E|  |TAMS 0x0000000612800000, 0x0000000612800000| Complete 
|  59|0x0000000612c00000, 0x0000000613000000, 0x0000000613000000|100%| E|  |TAMS 0x0000000612c00000, 0x0000000612c00000| Complete 
|  60|0x0000000613000000, 0x0000000613400000, 0x0000000613400000|100%| E|  |TAMS 0x0000000613000000, 0x0000000613000000| Complete 
|  61|0x0000000613400000, 0x0000000613800000, 0x0000000613800000|100%| E|  |TAMS 0x0000000613400000, 0x0000000613400000| Complete 
|  62|0x0000000613800000, 0x0000000613c00000, 0x0000000613c00000|100%| E|  |TAMS 0x0000000613800000, 0x0000000613800000| Complete 
|  63|0x0000000613c00000, 0x0000000614000000, 0x0000000614000000|100%| E|  |TAMS 0x0000000613c00000, 0x0000000613c00000| Complete 
|  64|0x0000000614000000, 0x0000000614400000, 0x0000000614400000|100%| E|  |TAMS 0x0000000614000000, 0x0000000614000000| Complete 
|  65|0x0000000614400000, 0x0000000614800000, 0x0000000614800000|100%| E|  |TAMS 0x0000000614400000, 0x0000000614400000| Complete 
|  66|0x0000000614800000, 0x0000000614c00000, 0x0000000614c00000|100%| E|  |TAMS 0x0000000614800000, 0x0000000614800000| Complete 
|  67|0x0000000614c00000, 0x0000000615000000, 0x0000000615000000|100%| E|  |TAMS 0x0000000614c00000, 0x0000000614c00000| Complete 
|  68|0x0000000615000000, 0x0000000615400000, 0x0000000615400000|100%| E|  |TAMS 0x0000000615000000, 0x0000000615000000| Complete 
|  69|0x0000000615400000, 0x0000000615800000, 0x0000000615800000|100%| E|  |TAMS 0x0000000615400000, 0x0000000615400000| Complete 
|  70|0x0000000615800000, 0x0000000615c00000, 0x0000000615c00000|100%| E|  |TAMS 0x0000000615800000, 0x0000000615800000| Complete 
|  71|0x0000000615c00000, 0x0000000616000000, 0x0000000616000000|100%| E|  |TAMS 0x0000000615c00000, 0x0000000615c00000| Complete 
|  72|0x0000000616000000, 0x0000000616400000, 0x0000000616400000|100%| E|  |TAMS 0x0000000616000000, 0x0000000616000000| Complete 
|  73|0x0000000616400000, 0x0000000616800000, 0x0000000616800000|100%| E|  |TAMS 0x0000000616400000, 0x0000000616400000| Complete 
|  74|0x0000000616800000, 0x0000000616c00000, 0x0000000616c00000|100%| E|  |TAMS 0x0000000616800000, 0x0000000616800000| Complete 
|  75|0x0000000616c00000, 0x0000000617000000, 0x0000000617000000|100%| E|  |TAMS 0x0000000616c00000, 0x0000000616c00000| Complete 
| 126|0x0000000623800000, 0x0000000623c00000, 0x0000000623c00000|100%| E|  |TAMS 0x0000000623800000, 0x0000000623800000| Complete 

Card table byte_map: [0x00000179fa600000,0x00000179fb5e0000] _byte_map_base: 0x00000179f75e0000

Marking Bits (Prev, Next): (CMBitMap*) 0x00000179e2ac4b00, (CMBitMap*) 0x00000179e2ac4b40
 Prev Bits: [0x0000017980000000, 0x0000017987f00000)
 Next Bits: [0x0000017987f00000, 0x000001798fe00000)

Polling page: 0x00000179e2210000

Metaspace:

Usage:
  Non-class:     65.76 MB used.
      Class:     10.28 MB used.
       Both:     76.04 MB used.

Virtual space:
  Non-class space:      128.00 MB reserved,      66.12 MB ( 52%) committed,  2 nodes.
      Class space:        1.00 GB reserved,      10.62 MB (  1%) committed,  1 nodes.
             Both:        1.12 GB reserved,      76.75 MB (  7%) committed. 

Chunk freelists:
   Non-Class:  13.28 MB
       Class:  5.29 MB
        Both:  18.57 MB

MaxMetaspaceSize: unlimited
CompressedClassSpaceSize: 1.00 GB
Initial GC threshold: 21.00 MB
Current GC threshold: 112.94 MB
CDS: on
MetaspaceReclaimPolicy: balanced
 - commit_granule_bytes: 65536.
 - commit_granule_words: 8192.
 - virtual_space_node_default_size: 8388608.
 - enlarge_chunks_in_place: 1.
 - new_chunks_are_fully_committed: 0.
 - uncommit_free_chunks: 1.
 - use_allocation_guard: 0.
 - handle_deallocations: 1.


Internal statistics:

num_allocs_failed_limit: 12.
num_arena_births: 990.
num_arena_deaths: 0.
num_vsnodes_births: 3.
num_vsnodes_deaths: 0.
num_space_committed: 1228.
num_space_uncommitted: 0.
num_chunks_returned_to_freelist: 12.
num_chunks_taken_from_freelist: 3887.
num_chunk_merges: 12.
num_chunk_splits: 2803.
num_chunks_enlarged: 2116.
num_inconsistent_stats: 0.

CodeHeap 'non-profiled nmethods': size=120000Kb used=5227Kb max_used=5227Kb free=114772Kb
 bounds [0x00000179f1dc0000, 0x00000179f22e0000, 0x00000179f92f0000]
CodeHeap 'profiled nmethods': size=120000Kb used=15832Kb max_used=15832Kb free=104167Kb
 bounds [0x00000179ea2f0000, 0x00000179eb270000, 0x00000179f1820000]
CodeHeap 'non-nmethods': size=5760Kb used=1376Kb max_used=1456Kb free=4384Kb
 bounds [0x00000179f1820000, 0x00000179f1a90000, 0x00000179f1dc0000]
 total_blobs=8655 nmethods=7954 adapters=612
 compilation: enabled
              stopped_count=0, restarted_count=0
 full_count=0

Compilation events (20 events):
Event: 1214.302 Thread 0x00000179d722dd70 9159       4       java.util.concurrent.ConcurrentHashMap$EntryIterator::next (5 bytes)
Event: 1214.309 Thread 0x00000179d722dd70 nmethod 9159 0x00000179f22d0490 code [0x00000179f22d0620, 0x00000179f22d0b18]
Event: 1214.309 Thread 0x00000179d722dd70 9160       4       java.util.concurrent.ConcurrentHashMap$EntryIterator::next (51 bytes)
Event: 1214.317 Thread 0x00000179d722dd70 nmethod 9160 0x00000179f22d0d90 code [0x00000179f22d0f20, 0x00000179f22d1418]
Event: 1214.317 Thread 0x00000179d722dd70 9164       4       java.util.HashMap::remove (26 bytes)
Event: 1214.318 Thread 0x00000179d722dd70 nmethod 9164 0x00000179f22d1690 code [0x00000179f22d1820, 0x00000179f22d1968]
Event: 1214.318 Thread 0x00000179d722dd70 9167       4       java.util.HashSet::remove (20 bytes)
Event: 1214.321 Thread 0x00000179d722dd70 nmethod 9167 0x00000179f22d1a90 code [0x00000179f22d1c40, 0x00000179f22d1ed8]
Event: 1214.422 Thread 0x00000179fc789a60 nmethod 9146 0x00000179f22d2090 code [0x00000179f22d2400, 0x00000179f22d7b18]
Event: 1214.499 Thread 0x00000179fc797850 9188   !   3       java.util.concurrent.ConcurrentHashMap::clear (176 bytes)
Event: 1214.500 Thread 0x00000179fc797850 nmethod 9188 0x00000179eb261890 code [0x00000179eb261ac0, 0x00000179eb2623e8]
Event: 1214.500 Thread 0x00000179fc797850 9189       3       ch.qos.logback.core.pattern.DynamicConverter::getFirstOption (35 bytes)
Event: 1214.500 Thread 0x00000179fc797850 nmethod 9189 0x00000179eb262790 code [0x00000179eb262960, 0x00000179eb262db8]
Event: 1214.501 Thread 0x00000179fc789a60 9190       4       java.util.concurrent.locks.ReentrantLock::lock (8 bytes)
Event: 1214.501 Thread 0x00000179fc797850 9191   !   3       java.util.concurrent.LinkedBlockingQueue::offer (131 bytes)
Event: 1214.503 Thread 0x00000179fc797850 nmethod 9191 0x00000179eb262f10 code [0x00000179eb2632e0, 0x00000179eb2650b8]
Event: 1214.503 Thread 0x00000179fc797850 9192       3       java.util.concurrent.FutureTask::done (1 bytes)
Event: 1214.503 Thread 0x00000179fc797850 nmethod 9192 0x00000179eb265b90 code [0x00000179eb265d20, 0x00000179eb265e38]
Event: 1214.503 Thread 0x00000179fc797850 9194       3       java.time.format.DateTimePrintContext::getDecimalStyle (8 bytes)
Event: 1214.503 Thread 0x00000179fc797850 nmethod 9194 0x00000179eb265f10 code [0x00000179eb2660a0, 0x00000179eb2661d8]

GC Heap History (20 events):
Event: 4.180 GC heap after
{Heap after GC invocations=14 (full 0):
 garbage-first heap   total 69632K, used 24107K [0x0000000604000000, 0x0000000800000000)
  region size 4096K, 1 young (4096K), 1 survivors (4096K)
 Metaspace       used 54635K, committed 55104K, reserved 1114112K
  class space    used 7449K, committed 7680K, reserved 1048576K
}
Event: 4.466 GC heap before
{Heap before GC invocations=14 (full 0):
 garbage-first heap   total 69632K, used 48683K [0x0000000604000000, 0x0000000800000000)
  region size 4096K, 7 young (28672K), 1 survivors (4096K)
 Metaspace       used 58531K, committed 58944K, reserved 1114112K
  class space    used 7935K, committed 8128K, reserved 1048576K
}
Event: 4.470 GC heap after
{Heap after GC invocations=15 (full 0):
 garbage-first heap   total 69632K, used 25735K [0x0000000604000000, 0x0000000800000000)
  region size 4096K, 1 young (4096K), 1 survivors (4096K)
 Metaspace       used 58531K, committed 58944K, reserved 1114112K
  class space    used 7935K, committed 8128K, reserved 1048576K
}
Event: 4.604 GC heap before
{Heap before GC invocations=15 (full 0):
 garbage-first heap   total 69632K, used 38023K [0x0000000604000000, 0x0000000800000000)
  region size 4096K, 5 young (20480K), 1 survivors (4096K)
 Metaspace       used 60021K, committed 60416K, reserved 1114112K
  class space    used 8123K, committed 8320K, reserved 1048576K
}
Event: 4.608 GC heap after
{Heap after GC invocations=16 (full 0):
 garbage-first heap   total 294912K, used 26641K [0x0000000604000000, 0x0000000800000000)
  region size 4096K, 1 young (4096K), 1 survivors (4096K)
 Metaspace       used 60021K, committed 60416K, reserved 1114112K
  class space    used 8123K, committed 8320K, reserved 1048576K
}
Event: 5.041 GC heap before
{Heap before GC invocations=17 (full 0):
 garbage-first heap   total 110592K, used 88081K [0x0000000604000000, 0x0000000800000000)
  region size 4096K, 16 young (65536K), 1 survivors (4096K)
 Metaspace       used 62780K, committed 63296K, reserved 1114112K
  class space    used 8712K, committed 8960K, reserved 1048576K
}
Event: 5.045 GC heap after
{Heap after GC invocations=18 (full 0):
 garbage-first heap   total 110592K, used 29250K [0x0000000604000000, 0x0000000800000000)
  region size 4096K, 2 young (8192K), 2 survivors (8192K)
 Metaspace       used 62780K, committed 63296K, reserved 1114112K
  class space    used 8712K, committed 8960K, reserved 1048576K
}
Event: 5.063 GC heap before
{Heap before GC invocations=18 (full 0):
 garbage-first heap   total 110592K, used 33346K [0x0000000604000000, 0x0000000800000000)
  region size 4096K, 3 young (12288K), 2 survivors (8192K)
 Metaspace       used 62905K, committed 63360K, reserved 1114112K
  class space    used 8743K, committed 8960K, reserved 1048576K
}
Event: 5.066 GC heap after
{Heap after GC invocations=19 (full 0):
 garbage-first heap   total 110592K, used 29368K [0x0000000604000000, 0x0000000800000000)
  region size 4096K, 1 young (4096K), 1 survivors (4096K)
 Metaspace       used 62905K, committed 63360K, reserved 1114112K
  class space    used 8743K, committed 8960K, reserved 1048576K
}
Event: 5.804 GC heap before
{Heap before GC invocations=19 (full 0):
 garbage-first heap   total 110592K, used 82616K [0x0000000604000000, 0x0000000800000000)
  region size 4096K, 14 young (57344K), 1 survivors (4096K)
 Metaspace       used 68781K, committed 69312K, reserved 1114112K
  class space    used 9480K, committed 9728K, reserved 1048576K
}
Event: 5.808 GC heap after
{Heap after GC invocations=20 (full 0):
 garbage-first heap   total 110592K, used 32459K [0x0000000604000000, 0x0000000800000000)
  region size 4096K, 1 young (4096K), 1 survivors (4096K)
 Metaspace       used 68781K, committed 69312K, reserved 1114112K
  class space    used 9480K, committed 9728K, reserved 1048576K
}
Event: 5.996 GC heap before
{Heap before GC invocations=21 (full 0):
 garbage-first heap   total 110592K, used 85707K [0x0000000604000000, 0x0000000800000000)
  region size 4096K, 14 young (57344K), 1 survivors (4096K)
 Metaspace       used 69023K, committed 69568K, reserved 1114112K
  class space    used 9494K, committed 9728K, reserved 1048576K
}
Event: 5.999 GC heap after
{Heap after GC invocations=22 (full 0):
 garbage-first heap   total 110592K, used 32954K [0x0000000604000000, 0x0000000800000000)
  region size 4096K, 2 young (8192K), 2 survivors (8192K)
 Metaspace       used 69023K, committed 69568K, reserved 1114112K
  class space    used 9494K, committed 9728K, reserved 1048576K
}
Event: 6.128 GC heap before
{Heap before GC invocations=22 (full 0):
 garbage-first heap   total 110592K, used 78010K [0x0000000604000000, 0x0000000800000000)
  region size 4096K, 14 young (57344K), 2 survivors (8192K)
 Metaspace       used 69112K, committed 69568K, reserved 1114112K
  class space    used 9494K, committed 9728K, reserved 1048576K
}
Event: 6.131 GC heap after
{Heap after GC invocations=23 (full 0):
 garbage-first heap   total 110592K, used 34606K [0x0000000604000000, 0x0000000800000000)
  region size 4096K, 1 young (4096K), 1 survivors (4096K)
 Metaspace       used 69112K, committed 69568K, reserved 1114112K
  class space    used 9494K, committed 9728K, reserved 1048576K
}
Event: 6.232 GC heap before
{Heap before GC invocations=23 (full 0):
 garbage-first heap   total 110592K, used 79662K [0x0000000604000000, 0x0000000800000000)
  region size 4096K, 13 young (53248K), 1 survivors (4096K)
 Metaspace       used 69213K, committed 69696K, reserved 1114112K
  class space    used 9501K, committed 9728K, reserved 1048576K
}
Event: 6.234 GC heap after
{Heap after GC invocations=24 (full 0):
 garbage-first heap   total 110592K, used 35083K [0x0000000604000000, 0x0000000800000000)
  region size 4096K, 1 young (4096K), 1 survivors (4096K)
 Metaspace       used 69213K, committed 69696K, reserved 1114112K
  class space    used 9501K, committed 9728K, reserved 1048576K
}
Event: 6.558 GC heap before
{Heap before GC invocations=24 (full 0):
 garbage-first heap   total 110592K, used 84235K [0x0000000604000000, 0x0000000800000000)
  region size 4096K, 13 young (53248K), 1 survivors (4096K)
 Metaspace       used 70955K, committed 71552K, reserved 1114112K
  class space    used 9723K, committed 9984K, reserved 1048576K
}
Event: 6.561 GC heap after
{Heap after GC invocations=25 (full 0):
 garbage-first heap   total 315392K, used 33199K [0x0000000604000000, 0x0000000800000000)
  region size 4096K, 1 young (4096K), 1 survivors (4096K)
 Metaspace       used 70955K, committed 71552K, reserved 1114112K
  class space    used 9723K, committed 9984K, reserved 1048576K
}
Event: 1214.513 GC heap before
{Heap before GC invocations=25 (full 0):
 garbage-first heap   total 315392K, used 147887K [0x0000000604000000, 0x0000000800000000)
  region size 4096K, 31 young (126976K), 1 survivors (4096K)
 Metaspace       used 77870K, committed 78592K, reserved 1179648K
  class space    used 10528K, committed 10880K, reserved 1048576K
}

Deoptimization events (20 events):
Event: 1214.230 Thread 0x00000179dbd4adf0 DEOPT PACKING pc=0x00000179f22c0a78 sp=0x00000017462ff190
Event: 1214.230 Thread 0x00000179dbd4adf0 DEOPT UNPACKING pc=0x00000179f1875ba3 sp=0x00000017462ff158 mode 2
Event: 1214.285 Thread 0x00000179dbd48f90 Uncommon trap: trap_request=0xffffffde fr.pc=0x00000179f2127760 relative=0x0000000000000240
Event: 1214.285 Thread 0x00000179dbd48f90 Uncommon trap: reason=class_check action=maybe_recompile pc=0x00000179f2127760 method=java.util.concurrent.locks.ReentrantLock$Sync.lock()V @ 1 c2
Event: 1214.285 Thread 0x00000179dbd48f90 DEOPT PACKING pc=0x00000179f2127760 sp=0x00000017439fd510
Event: 1214.286 Thread 0x00000179dbd48f90 DEOPT UNPACKING pc=0x00000179f1875ba3 sp=0x00000017439fd470 mode 2
Event: 1214.287 Thread 0x00000179dbd48f90 Uncommon trap: trap_request=0xffffffde fr.pc=0x00000179f2127760 relative=0x0000000000000240
Event: 1214.287 Thread 0x00000179dbd48f90 Uncommon trap: reason=class_check action=maybe_recompile pc=0x00000179f2127760 method=java.util.concurrent.locks.ReentrantLock$Sync.lock()V @ 1 c2
Event: 1214.287 Thread 0x00000179dbd48f90 DEOPT PACKING pc=0x00000179f2127760 sp=0x00000017439fd970
Event: 1214.287 Thread 0x00000179dbd48f90 DEOPT UNPACKING pc=0x00000179f1875ba3 sp=0x00000017439fd8d0 mode 2
Event: 1214.287 Thread 0x00000179dbd48f90 Uncommon trap: trap_request=0xffffffde fr.pc=0x00000179f2127760 relative=0x0000000000000240
Event: 1214.287 Thread 0x00000179dbd48f90 Uncommon trap: reason=class_check action=maybe_recompile pc=0x00000179f2127760 method=java.util.concurrent.locks.ReentrantLock$Sync.lock()V @ 1 c2
Event: 1214.287 Thread 0x00000179dbd48f90 DEOPT PACKING pc=0x00000179f2127760 sp=0x00000017439fd640
Event: 1214.287 Thread 0x00000179dbd48f90 DEOPT UNPACKING pc=0x00000179f1875ba3 sp=0x00000017439fd5a0 mode 2
Event: 1214.288 Thread 0x00000179dbd48f90 Uncommon trap: trap_request=0xffffffde fr.pc=0x00000179f2127760 relative=0x0000000000000240
Event: 1214.288 Thread 0x00000179dbd48f90 Uncommon trap: reason=class_check action=maybe_recompile pc=0x00000179f2127760 method=java.util.concurrent.locks.ReentrantLock$Sync.lock()V @ 1 c2
Event: 1214.288 Thread 0x00000179dbd48f90 DEOPT PACKING pc=0x00000179f2127760 sp=0x00000017439fd970
Event: 1214.288 Thread 0x00000179dbd48f90 DEOPT UNPACKING pc=0x00000179f1875ba3 sp=0x00000017439fd8d0 mode 2
Event: 1214.499 Thread 0x00000179dbd48f90 DEOPT PACKING pc=0x00000179ea8647e6 sp=0x00000017439feb20
Event: 1214.499 Thread 0x00000179dbd48f90 DEOPT UNPACKING pc=0x00000179f18766e3 sp=0x00000017439fdfd0 mode 0

Classes unloaded (0 events):
No events

Classes redefined (0 events):
No events

Internal exceptions (20 events):
Event: 6.213 Thread 0x00000179dbd46200 Exception <a 'sun/nio/fs/WindowsException'{0x00000006089929a0}> (0x00000006089929a0) 
thrown [s\open\src\hotspot\share\prims\jni.cpp, line 516]
Event: 6.214 Thread 0x00000179dbd46200 Exception <a 'sun/nio/fs/WindowsException'{0x0000000608992d70}> (0x0000000608992d70) 
thrown [s\open\src\hotspot\share\prims\jni.cpp, line 516]
Event: 6.214 Thread 0x00000179dbd46200 Exception <a 'sun/nio/fs/WindowsException'{0x0000000608993798}> (0x0000000608993798) 
thrown [s\open\src\hotspot\share\prims\jni.cpp, line 516]
Event: 6.214 Thread 0x00000179dbd46200 Exception <a 'sun/nio/fs/WindowsException'{0x0000000608993b80}> (0x0000000608993b80) 
thrown [s\open\src\hotspot\share\prims\jni.cpp, line 516]
Event: 6.214 Thread 0x00000179dbd46200 Exception <a 'sun/nio/fs/WindowsException'{0x00000006089945a0}> (0x00000006089945a0) 
thrown [s\open\src\hotspot\share\prims\jni.cpp, line 516]
Event: 6.214 Thread 0x00000179dbd46200 Exception <a 'sun/nio/fs/WindowsException'{0x0000000608994980}> (0x0000000608994980) 
thrown [s\open\src\hotspot\share\prims\jni.cpp, line 516]
Event: 6.389 Thread 0x00000179d1177fc0 Exception <a 'java/lang/NoSuchMethodError'{0x0000000608af6b40}: 'void java.lang.invoke.DirectMethodHandle$Holder.invokeVirtual(java.lang.Object, java.lang.Object, int)'> (0x0000000608af6b40) 
thrown [s\open\src\hotspot\share\interpreter\linkResolver.cpp, line 759]
Event: 6.390 Thread 0x00000179d1177fc0 Exception <a 'java/lang/NoSuchMethodError'{0x0000000608b114f0}: 'void java.lang.invoke.DirectMethodHandle$Holder.invokeVirtual(java.lang.Object, java.lang.Object, long)'> (0x0000000608b114f0) 
thrown [s\open\src\hotspot\share\interpreter\linkResolver.cpp, line 759]
Event: 6.448 Thread 0x00000179d1177fc0 Exception <a 'java/lang/NoSuchMethodError'{0x00000006087b0980}: 'int java.lang.invoke.DirectMethodHandle$Holder.invokeStaticInit(java.lang.Object, java.lang.Object, java.lang.Object, java.lang.Object)'> (0x00000006087b0980) 
thrown [s\open\src\hotspot\share\interpreter\linkResolver.cpp, line 759]
Event: 6.603 Thread 0x00000179d1177fc0 Exception <a 'java/lang/NoSuchMethodError'{0x0000000623bd1ab0}: 'java.lang.Object java.lang.invoke.DirectMethodHandle$Holder.newInvokeSpecial(java.lang.Object, java.lang.Object, int, java.lang.Object, java.lang.Object)'> (0x0000000623bd1ab0) 
thrown [s\open\src\hotspot\share\interpreter\linkResolver.cpp, line 759]
Event: 6.604 Thread 0x00000179d1177fc0 Exception <a 'java/lang/NoSuchMethodError'{0x0000000623bdd128}: 'java.lang.Object java.lang.invoke.DirectMethodHandle$Holder.invokeSpecial(java.lang.Object, java.lang.Object, int, java.lang.Object, int, java.lang.Object)'> (0x0000000623bdd128) 
thrown [s\open\src\hotspot\share\interpreter\linkResolver.cpp, line 759]
Event: 6.604 Thread 0x00000179d1177fc0 Exception <a 'java/lang/NoSuchMethodError'{0x0000000623be51d8}: 'java.lang.Object java.lang.invoke.DirectMethodHandle$Holder.newInvokeSpecial(java.lang.Object, java.lang.Object, int, java.lang.Object, int)'> (0x0000000623be51d8) 
thrown [s\open\src\hotspot\share\interpreter\linkResolver.cpp, line 759]
Event: 6.605 Thread 0x00000179d1177fc0 Exception <a 'java/lang/NoSuchMethodError'{0x0000000623be92d8}: 'java.lang.Object java.lang.invoke.DirectMethodHandle$Holder.invokeSpecial(java.lang.Object, java.lang.Object, java.lang.Object, int, java.lang.Object, int)'> (0x0000000623be92d8) 
thrown [s\open\src\hotspot\share\interpreter\linkResolver.cpp, line 759]
Event: 12.106 Thread 0x00000179dbd4b300 Exception <a 'java/lang/NoSuchMethodError'{0x00000006167b2d50}: 'java.lang.Object java.lang.invoke.DirectMethodHandle$Holder.invokeSpecial(java.lang.Object, java.lang.Object, java.lang.Object, java.lang.Object, java.lang.Object, long)'> (0x00000006167b2d50) 
thrown [s\open\src\hotspot\share\interpreter\linkResolver.cpp, line 759]
Event: 12.106 Thread 0x00000179dbd4b300 Exception <a 'java/lang/NoSuchMethodError'{0x00000006167b6790}: 'java.lang.Object java.lang.invoke.Invokers$Holder.linkToTargetMethod(java.lang.Object, java.lang.Object, java.lang.Object, long, java.lang.Object)'> (0x00000006167b6790) 
thrown [s\open\src\hotspot\share\interpreter\linkResolver.cpp, line 759]
Event: 12.188 Thread 0x00000179dbd4d160 Exception <a 'java/lang/NoSuchMethodError'{0x0000000616d9f220}: 'java.lang.Object java.lang.invoke.DirectMethodHandle$Holder.invokeStatic(java.lang.Object, int, int)'> (0x0000000616d9f220) 
thrown [s\open\src\hotspot\share\interpreter\linkResolver.cpp, line 759]
Event: 14.191 Thread 0x00000179dbd494a0 Exception <a 'sun/nio/fs/WindowsException'{0x0000000615d78ed8}> (0x0000000615d78ed8) 
thrown [s\open\src\hotspot\share\prims\jni.cpp, line 516]
Event: 15.734 Thread 0x00000179dbd494a0 Implicit null exception at 0x00000179f21ed7d9 to 0x00000179f21edd04
Event: 16.398 Thread 0x00000179dbd48570 Implicit null exception at 0x00000179f1f1b2cf to 0x00000179f1f1b428
Event: 1214.270 Thread 0x00000179dbd4a8e0 Exception <a 'java/lang/InterruptedException'{0x000000060fccd698}: sleep interrupted> (0x000000060fccd698) 
thrown [s\open\src\hotspot\share\prims\jvm.cpp, line 3064]

VM Operations (20 events):
Event: 203.232 Executing VM operation: Cleanup done
Event: 204.245 Executing VM operation: Cleanup
Event: 204.245 Executing VM operation: Cleanup done
Event: 205.256 Executing VM operation: Cleanup
Event: 205.256 Executing VM operation: Cleanup done
Event: 206.270 Executing VM operation: Cleanup
Event: 206.270 Executing VM operation: Cleanup done
Event: 304.226 Executing VM operation: Cleanup
Event: 304.227 Executing VM operation: Cleanup done
Event: 335.488 Executing VM operation: Cleanup
Event: 335.488 Executing VM operation: Cleanup done
Event: 536.086 Executing VM operation: Cleanup
Event: 536.086 Executing VM operation: Cleanup done
Event: 611.745 Executing VM operation: Cleanup
Event: 611.745 Executing VM operation: Cleanup done
Event: 1119.840 Executing VM operation: Cleanup
Event: 1119.841 Executing VM operation: Cleanup done
Event: 1156.133 Executing VM operation: Cleanup
Event: 1156.133 Executing VM operation: Cleanup done
Event: 1214.503 Executing VM operation: G1CollectFull

Events (20 events):
Event: 1214.270 Thread 0x00000179dbd4d160 Thread exited: 0x00000179dbd4d160
Event: 1214.270 Thread 0x00000179dbd46200 Thread exited: 0x00000179dbd46200
Event: 1214.270 Thread 0x00000179dbd48570 Thread exited: 0x00000179dbd48570
Event: 1214.270 Thread 0x00000179dbd4db80 Thread exited: 0x00000179dbd4db80
Event: 1214.270 Thread 0x00000179dbd4b300 Thread exited: 0x00000179dbd4b300
Event: 1214.270 Thread 0x00000179dbd4a8e0 Thread exited: 0x00000179dbd4a8e0
Event: 1214.271 loading class javax/management/ObjectName$PatternProperty
Event: 1214.277 loading class javax/management/ObjectName$PatternProperty done
Event: 1214.277 Thread 0x00000179dbd47b50 Thread exited: 0x00000179dbd47b50
Event: 1214.277 Thread 0x00000179dbd4d670 Thread exited: 0x00000179dbd4d670
Event: 1214.279 Thread 0x00000179dbd4c740 Thread exited: 0x00000179dbd4c740
Event: 1214.281 Thread 0x00000179d722dd70 Thread added: 0x00000179d722dd70
Event: 1214.291 loading class java/util/AbstractMap$2
Event: 1214.291 loading class java/util/AbstractMap$2 done
Event: 1214.293 loading class java/util/AbstractMap$2$1
Event: 1214.293 loading class java/util/AbstractMap$2$1 done
Event: 1214.499 Thread 0x00000179d722dd70 Thread exited: 0x00000179d722dd70
Event: 1214.501 Thread 0x00000179dbd47b50 Thread added: 0x00000179dbd47b50
Event: 1214.501 Thread 0x00000179d1175c50 Thread exited: 0x00000179d1175c50
Event: 1214.502 Thread 0x00000179dbd47b50 Thread exited: 0x00000179dbd47b50


Dynamic libraries:
0x00007ff7a1860000 - 0x00007ff7a1870000 	C:\Program Files\Java\jdk-17\bin\java.exe
0x00007ffdbc770000 - 0x00007ffdbc987000 	C:\Windows\SYSTEM32\ntdll.dll
0x00007ffdbbef0000 - 0x00007ffdbbfb4000 	C:\Windows\System32\KERNEL32.DLL
0x00007ffdb9b50000 - 0x00007ffdb9efd000 	C:\Windows\System32\KERNELBASE.dll
0x00007ffdba2d0000 - 0x00007ffdba3e1000 	C:\Windows\System32\ucrtbase.dll
0x00007ffd39540000 - 0x00007ffd39559000 	C:\Program Files\Java\jdk-17\bin\jli.dll
0x00007ffd39520000 - 0x00007ffd3953b000 	C:\Program Files\Java\jdk-17\bin\VCRUNTIME140.dll
0x00007ffdbbac0000 - 0x00007ffdbbb72000 	C:\Windows\System32\ADVAPI32.dll
0x00007ffdbbfc0000 - 0x00007ffdbc067000 	C:\Windows\System32\msvcrt.dll
0x00007ffdbaf70000 - 0x00007ffdbb019000 	C:\Windows\System32\sechost.dll
0x00007ffdb9b20000 - 0x00007ffdb9b48000 	C:\Windows\System32\bcrypt.dll
0x00007ffdbbdd0000 - 0x00007ffdbbee4000 	C:\Windows\System32\RPCRT4.dll
0x00007ffdbb910000 - 0x00007ffdbbabe000 	C:\Windows\System32\USER32.dll
0x00007ffda7c40000 - 0x00007ffda7ed3000 	C:\Windows\WinSxS\amd64_microsoft.windows.common-controls_6595b64144ccf1df_6.0.22621.3672_none_2713b9d173822955\COMCTL32.dll
0x00007ffdba180000 - 0x00007ffdba1a6000 	C:\Windows\System32\win32u.dll
0x00007ffdbc700000 - 0x00007ffdbc729000 	C:\Windows\System32\GDI32.dll
0x00007ffdba1b0000 - 0x00007ffdba2c9000 	C:\Windows\System32\gdi32full.dll
0x00007ffdba0e0000 - 0x00007ffdba17a000 	C:\Windows\System32\msvcp_win.dll
0x00007ffdb1dc0000 - 0x00007ffdb1dca000 	C:\Windows\SYSTEM32\VERSION.dll
0x00007ffdba590000 - 0x00007ffdba5c1000 	C:\Windows\System32\IMM32.DLL
0x00007ffd72890000 - 0x00007ffd7289c000 	C:\Program Files\Java\jdk-17\bin\vcruntime140_1.dll
0x00007ffd39490000 - 0x00007ffd3951e000 	C:\Program Files\Java\jdk-17\bin\msvcp140.dll
0x00007ffd34000000 - 0x00007ffd34bdf000 	C:\Program Files\Java\jdk-17\bin\server\jvm.dll
0x00007ffdbaf60000 - 0x00007ffdbaf68000 	C:\Windows\System32\PSAPI.DLL
0x00007ffd81ed0000 - 0x00007ffd81ed9000 	C:\Windows\SYSTEM32\WSOCK32.dll
0x00007ffdb3b70000 - 0x00007ffdb3ba4000 	C:\Windows\SYSTEM32\WINMM.dll
0x00007ffdbbd50000 - 0x00007ffdbbdc1000 	C:\Windows\System32\WS2_32.dll
0x00007ffdb8a90000 - 0x00007ffdb8aa8000 	C:\Windows\SYSTEM32\kernel.appcore.dll
0x00007ffd41dd0000 - 0x00007ffd41dda000 	C:\Program Files\Java\jdk-17\bin\jimage.dll
0x00007ffdb7300000 - 0x00007ffdb7532000 	C:\Windows\SYSTEM32\DBGHELP.DLL
0x00007ffdbabd0000 - 0x00007ffdbaf58000 	C:\Windows\System32\combase.dll
0x00007ffdba4b0000 - 0x00007ffdba587000 	C:\Windows\System32\OLEAUT32.dll
0x00007ffd98ad0000 - 0x00007ffd98b02000 	C:\Windows\SYSTEM32\dbgcore.DLL
0x00007ffdb9aa0000 - 0x00007ffdb9b1b000 	C:\Windows\System32\bcryptPrimitives.dll
0x00007ffdb21f0000 - 0x00007ffdb21fe000 	C:\Program Files\Java\jdk-17\bin\instrument.dll
0x00007ffd39460000 - 0x00007ffd39485000 	C:\Program Files\Java\jdk-17\bin\java.dll
0x00007ffd33e00000 - 0x00007ffd33ed7000 	C:\Program Files\Java\jdk-17\bin\jsvml.dll
0x00007ffdbb0b0000 - 0x00007ffdbb90f000 	C:\Windows\System32\SHELL32.dll
0x00007ffdb79a0000 - 0x00007ffdb829c000 	C:\Windows\SYSTEM32\windows.storage.dll
0x00007ffdb7860000 - 0x00007ffdb799f000 	C:\Windows\SYSTEM32\wintypes.dll
0x00007ffdbc070000 - 0x00007ffdbc164000 	C:\Windows\System32\SHCORE.dll
0x00007ffdbb020000 - 0x00007ffdbb07e000 	C:\Windows\System32\shlwapi.dll
0x00007ffdb99d0000 - 0x00007ffdb99f1000 	C:\Windows\SYSTEM32\profapi.dll
0x00007ffd728a0000 - 0x00007ffd728b8000 	C:\Program Files\Java\jdk-17\bin\zip.dll
0x00007ffd33fe0000 - 0x00007ffd33ff9000 	C:\Program Files\Java\jdk-17\bin\net.dll
0x00007ffdb53b0000 - 0x00007ffdb54e6000 	C:\Windows\SYSTEM32\WINHTTP.dll
0x00007ffdb8ef0000 - 0x00007ffdb8f59000 	C:\Windows\system32\mswsock.dll
0x00007ffd33fc0000 - 0x00007ffd33fd6000 	C:\Program Files\Java\jdk-17\bin\nio.dll
0x00007ffdb1970000 - 0x00007ffdb198a000 	C:\Program Files\JetBrains\IntelliJ IDEA Community Edition 2023.3.6\bin\breakgen64.dll
0x00007ffdb21e0000 - 0x00007ffdb21ea000 	C:\Program Files\Java\jdk-17\bin\management.dll
0x00007ffdb1ab0000 - 0x00007ffdb1abb000 	C:\Program Files\Java\jdk-17\bin\management_ext.dll
0x00007ffd396c0000 - 0x00007ffd396d0000 	C:\Program Files\Java\jdk-17\bin\verify.dll
0x00007ffdb9240000 - 0x00007ffdb925b000 	C:\Windows\SYSTEM32\CRYPTSP.dll
0x00007ffdb89f0000 - 0x00007ffdb8a25000 	C:\Windows\system32\rsaenh.dll
0x00007ffdb8f90000 - 0x00007ffdb8fb8000 	C:\Windows\SYSTEM32\USERENV.dll
0x00007ffdb9220000 - 0x00007ffdb922c000 	C:\Windows\SYSTEM32\CRYPTBASE.dll
0x00007ffdb8500000 - 0x00007ffdb852d000 	C:\Windows\SYSTEM32\IPHLPAPI.DLL
0x00007ffdbbb80000 - 0x00007ffdbbb89000 	C:\Windows\System32\NSI.dll
0x00007ffdb3f70000 - 0x00007ffdb3f89000 	C:\Windows\SYSTEM32\dhcpcsvc6.DLL
0x00007ffdb3f50000 - 0x00007ffdb3f6f000 	C:\Windows\SYSTEM32\dhcpcsvc.DLL
0x00007ffdb8570000 - 0x00007ffdb8668000 	C:\Windows\SYSTEM32\DNSAPI.dll
0x00007ffdb1a30000 - 0x00007ffdb1a3e000 	C:\Program Files\Java\jdk-17\bin\sunmscapi.dll
0x00007ffdb9f00000 - 0x00007ffdba067000 	C:\Windows\System32\CRYPT32.dll
0x00007ffdb9360000 - 0x00007ffdb938e000 	C:\Windows\SYSTEM32\ncrypt.dll
0x00007ffdb9320000 - 0x00007ffdb9357000 	C:\Windows\SYSTEM32\NTASN1.dll
0x00007ffd746a0000 - 0x00007ffd746a8000 	C:\Windows\system32\wshunix.dll
0x00007ffd80f90000 - 0x00007ffd80fa7000 	C:\Windows\system32\napinsp.dll
0x00007ffd80f20000 - 0x00007ffd80f3b000 	C:\Windows\system32\pnrpnsp.dll
0x00007ffd80f40000 - 0x00007ffd80f51000 	C:\Windows\System32\winrnr.dll
0x00007ffdb1da0000 - 0x00007ffdb1db5000 	C:\Windows\system32\wshbth.dll
0x00007ffd80ef0000 - 0x00007ffd80f17000 	C:\Windows\system32\nlansp_c.dll
0x00007ffdb1ac0000 - 0x00007ffdb1aca000 	C:\Windows\System32\rasadhlp.dll
0x00007ffdb0e50000 - 0x00007ffdb0ed3000 	C:\Windows\System32\fwpuclnt.dll

dbghelp: loaded successfully - version: 4.0.5 - missing functions: none
symbol engine: initialized successfully - sym options: 0x614 - pdb path: .;C:\Program Files\Java\jdk-17\bin;C:\Windows\SYSTEM32;C:\Windows\WinSxS\amd64_microsoft.windows.common-controls_6595b64144ccf1df_6.0.22621.3672_none_2713b9d173822955;C:\Program Files\Java\jdk-17\bin\server;C:\Program Files\JetBrains\IntelliJ IDEA Community Edition 2023.3.6\bin

VM Arguments:
jvm_args: -javaagent:C:\Program Files\JetBrains\IntelliJ IDEA Community Edition 2023.3.6\lib\idea_rt.jar=52006:C:\Program Files\JetBrains\IntelliJ IDEA Community Edition 2023.3.6\bin -Dfile.encoding=UTF-8 
java_command: com.api.clientes.ClientesApplication
java_class_path (initial): D:\Programao\desenvolvimento\ws-angular-spring\projeto-servico-prestado-6\backend\target\classes;C:\Users\Daniel\.m2\repository\org\springframework\boot\spring-boot-starter\3.0.5\spring-boot-starter-3.0.5.jar;C:\Users\Daniel\.m2\repository\org\springframework\boot\spring-boot\3.0.5\spring-boot-3.0.5.jar;C:\Users\Daniel\.m2\repository\org\springframework\spring-context\6.0.7\spring-context-6.0.7.jar;C:\Users\Daniel\.m2\repository\org\springframework\boot\spring-boot-autoconfigure\3.0.5\spring-boot-autoconfigure-3.0.5.jar;C:\Users\Daniel\.m2\repository\org\springframework\boot\spring-boot-starter-logging\3.0.5\spring-boot-starter-logging-3.0.5.jar;C:\Users\Daniel\.m2\repository\ch\qos\logback\logback-classic\1.4.6\logback-classic-1.4.6.jar;C:\Users\Daniel\.m2\repository\ch\qos\logback\logback-core\1.4.6\logback-core-1.4.6.jar;C:\Users\Daniel\.m2\repository\org\apache\logging\log4j\log4j-to-slf4j\2.19.0\log4j-to-slf4j-2.19.0.jar;C:\Users\Daniel\.m2\repository\org\apache\logging\log4j\log4j-api\2.19.0\log4j-api-2.19.0.jar;C:\Users\Daniel\.m2\repository\org\slf4j\jul-to-slf4j\2.0.7\jul-to-slf4j-2.0.7.jar;C:\Users\Daniel\.m2\repository\jakarta\annotation\jakarta.annotation-api\2.1.1\jakarta.annotation-api-2.1.1.jar;C:\Users\Daniel\.m2\repository\org\springframework\spring-core\6.0.7\spring-core-6.0.7.jar;C:\Users\Daniel\.m2\repository\org\springframework\spring-jcl\6.0.7\spring-jcl-6.0.7.jar;C:\Users\Daniel\.m2\repository\org\yaml\snakeyaml\1.33\snakeyaml-1.33.jar;C:\Users\Daniel\.m2\repository\org\springframework\boot\spring-boot-starter-web\3.0.5\spring-boot-starter-web-3.0.5.jar;C:\Users\Daniel\.m2\repository\org\springframework\boot\spring-boot-starter-json\3.0.5\spring-boot-starter-json-3.0.5.jar;C:\Users\Daniel\.m2\repository\com\fasterxml\jackson\datatype\jackson-datatype-jdk8\2.14.2\jackson-datatype-jdk8-2.14.2.jar;C:\Users\Daniel\.m2\repository\com\fasterxml\jackson\datatype\jackson-datatype-jsr310\2.14.2\jackson-datatype-jsr310-2.1
Launcher Type: SUN_STANDARD

[Global flags]
     intx CICompilerCount                          = 4                                         {product} {ergonomic}
     uint ConcGCThreads                            = 2                                         {product} {ergonomic}
     uint G1ConcRefinementThreads                  = 8                                         {product} {ergonomic}
   size_t G1HeapRegionSize                         = 4194304                                   {product} {ergonomic}
    uintx GCDrainStackTargetSize                   = 64                                        {product} {ergonomic}
   size_t InitialHeapSize                          = 532676608                                 {product} {ergonomic}
   size_t MarkStackSize                            = 4194304                                   {product} {ergonomic}
   size_t MaxHeapSize                              = 8522825728                                {product} {ergonomic}
   size_t MaxNewSize                               = 5112856576                                {product} {ergonomic}
   size_t MinHeapDeltaBytes                        = 4194304                                   {product} {ergonomic}
   size_t MinHeapSize                              = 8388608                                   {product} {ergonomic}
    uintx NonNMethodCodeHeapSize                   = 5839372                                {pd product} {ergonomic}
    uintx NonProfiledCodeHeapSize                  = 122909434                              {pd product} {ergonomic}
    uintx ProfiledCodeHeapSize                     = 122909434                              {pd product} {ergonomic}
    uintx ReservedCodeCacheSize                    = 251658240                              {pd product} {ergonomic}
     bool SegmentedCodeCache                       = true                                      {product} {ergonomic}
   size_t SoftMaxHeapSize                          = 8522825728                             {manageable} {ergonomic}
     bool UseCompressedClassPointers               = true                           {product lp64_product} {ergonomic}
     bool UseCompressedOops                        = true                           {product lp64_product} {ergonomic}
     bool UseG1GC                                  = true                                      {product} {ergonomic}
     bool UseLargePagesIndividualAllocation        = false                                  {pd product} {ergonomic}

Logging:
Log output configuration:
 #0: stdout all=warning uptime,level,tags
 #1: stderr all=off uptime,level,tags

Environment Variables:
JAVA_HOME=C:\Program Files\Java\jdk-17
PATH=C:\Program Files\Java\jdk-17\bin;C:\Program Files\Common Files\Oracle\Java\javapath;C:\Program Files (x86)\Common Files\Oracle\Java\javapath;C:\Windows\system32;C:\Windows;C:\Windows\System32\Wbem;C:\Windows\System32\WindowsPowerShell\v1.0\;C:\Windows\System32\OpenSSH\;C:\Program Files\dotnet\;C:\Users\Daniel\AppData\Roaming\nvm;C:\Program Files\nodejs;C:\Program Files\apache-maven-3.9.6\bin;C:\Program Files\Git\cmd;C:\Program Files\Docker\Docker\resources\bin;C:\TDM-GCC-64\bin;C:\Program Files\MySQL\MySQL Shell 8.0\bin\;C:\Users\Daniel\AppData\Local\Microsoft\WindowsApps;C:\Users\Daniel\AppData\Roaming\nvm;C:\Program Files\nodejs;C:\Users\Daniel\AppData\Local\Programs\Microsoft VS Code\bin;C:\Program Files\JetBrains\IntelliJ IDEA Community Edition 2023.3.6\bin;;
USERNAME=Daniel
OS=Windows_NT
PROCESSOR_IDENTIFIER=Intel64 Family 6 Model 140 Stepping 1, GenuineIntel



---------------  S Y S T E M  ---------------

OS:
 Windows 11 , 64 bit Build 22621 (10.0.22621.3672)
OS uptime: 0 days 0:50 hours
Hyper-V role detected

CPU: total 8 (initial active 8) (4 cores per cpu, 2 threads per core) family 6 model 140 stepping 1 microcode 0xb4, cx8, cmov, fxsr, ht, mmx, 3dnowpref, sse, sse2, sse3, ssse3, sse4.1, sse4.2, popcnt, lzcnt, tsc, tscinvbit, avx, avx2, aes, erms, clmul, bmi1, bmi2, adx, avx512f, avx512dq, avx512cd, avx512bw, avx512vl, sha, fma, vzeroupper, avx512_vpopcntdq, avx512_vpclmulqdq, avx512_vaes, avx512_vnni, clflush, clflushopt, clwb, avx512_vbmi2, avx512_vbmi, hv

Memory: 4k page, system-wide physical 32502M (18424M free)
TotalPageFile size 34550M (AvailPageFile size 19860M)
current process WorkingSet (physical memory assigned to process): 414M, peak: 414M
current process commit charge ("private bytes"): 574M, peak: 670M

vm_info: Java HotSpot(TM) 64-Bit Server VM (17.0.10+11-LTS-240) for windows-amd64 JRE (17.0.10+11-LTS-240), built on Dec 19 2023 21:47:25 by "mach5one" with MS VC++ 17.1 (VS2022)

END.
